<?xml version="1.0" encoding="UTF-8"?>
<robot generator="Robot 4.1.3 (Python 3.10.3 on win32)" generated="20220325 12:23:42.340" rpa="false" schemaversion="2">
<suite id="s1" name="Features" source="C:\Users\elucia\Documents\WebAutomationRF\test\features">
<suite id="s1-s1" name="Login" source="C:\Users\elucia\Documents\WebAutomationRF\test\features\login.robot">
<test id="s1-s1-t1" name="Cenário: Login com credenciais inválidas">
<kw name="Abrir sessão" library="setup" type="SETUP">
<kw name="Open Browser" library="SeleniumLibrary">
<arg>http://automationpractice.com/index.php</arg>
<arg>chrome</arg>
<doc>Opens a new browser instance to the optional ``url``.</doc>
<msg timestamp="20220325 12:23:42.548" level="INFO">Opening browser 'chrome' to base url 'http://automationpractice.com/index.php'.</msg>
<status status="PASS" starttime="20220325 12:23:42.548" endtime="20220325 12:23:48.134"/>
</kw>
<kw name="Set Selenium Timeout" library="SeleniumLibrary">
<arg>60</arg>
<doc>Sets the timeout that is used by various keywords.</doc>
<status status="PASS" starttime="20220325 12:23:48.134" endtime="20220325 12:23:48.136"/>
</kw>
<kw name="Maximize Browser Window" library="SeleniumLibrary">
<doc>Maximizes current browser window.</doc>
<status status="PASS" starttime="20220325 12:23:48.136" endtime="20220325 12:23:48.254"/>
</kw>
<status status="PASS" starttime="20220325 12:23:42.547" endtime="20220325 12:23:48.255"/>
</kw>
<kw name="Dado que o cliente esteja na tela inicial da aplicação" library="home_kws">
<kw name="Wait Until Element Is Visible" library="SeleniumLibrary">
<arg>${HOME.botao_login}</arg>
<doc>Waits until the element ``locator`` is visible.</doc>
<status status="PASS" starttime="20220325 12:23:48.256" endtime="20220325 12:23:48.290"/>
</kw>
<status status="PASS" starttime="20220325 12:23:48.255" endtime="20220325 12:23:48.290"/>
</kw>
<kw name="E acessar a tela de login" library="home_kws">
<kw name="Wait Until Element Is Visible" library="SeleniumLibrary">
<arg>${HOME.botao_login}</arg>
<doc>Waits until the element ``locator`` is visible.</doc>
<status status="PASS" starttime="20220325 12:23:48.291" endtime="20220325 12:23:48.311"/>
</kw>
<kw name="Click Element" library="SeleniumLibrary">
<arg>${HOME.botao_login}</arg>
<doc>Click the element identified by ``locator``.</doc>
<msg timestamp="20220325 12:23:48.312" level="INFO">Clicking element '//a[@class='login']'.</msg>
<status status="PASS" starttime="20220325 12:23:48.311" endtime="20220325 12:23:51.094"/>
</kw>
<status status="PASS" starttime="20220325 12:23:48.291" endtime="20220325 12:23:51.094"/>
</kw>
<kw name="Quando inserir os dados de login" library="login_kws">
<arg>${massa_dados.login.email_invalido}</arg>
<arg>${massa_dados.login.senha}</arg>
<kw name="Wait Until Element Is Visible" library="SeleniumLibrary">
<arg>${LOGIN.input_email}</arg>
<doc>Waits until the element ``locator`` is visible.</doc>
<status status="PASS" starttime="20220325 12:23:51.097" endtime="20220325 12:23:51.116"/>
</kw>
<kw name="Input Text" library="SeleniumLibrary">
<arg>${LOGIN.input_email}</arg>
<arg>${email}</arg>
<doc>Types the given ``text`` into the text field identified by ``locator``.</doc>
<msg timestamp="20220325 12:23:51.117" level="INFO">Typing text 'naoexiste@gmail.com' into text field 'email'.</msg>
<status status="PASS" starttime="20220325 12:23:51.116" endtime="20220325 12:23:51.195"/>
</kw>
<kw name="Input Text" library="SeleniumLibrary">
<arg>${LOGIN.input_senha}</arg>
<arg>${senha}</arg>
<doc>Types the given ``text`` into the text field identified by ``locator``.</doc>
<msg timestamp="20220325 12:23:51.196" level="INFO">Typing text '123456' into text field 'passwd'.</msg>
<status status="PASS" starttime="20220325 12:23:51.195" endtime="20220325 12:23:51.269"/>
</kw>
<status status="PASS" starttime="20220325 12:23:51.095" endtime="20220325 12:23:51.269"/>
</kw>
<kw name="E clicar no elemento" library="common_kws">
<arg>${LOGIN.botao_login}</arg>
<kw name="Wait Until Element Is Visible" library="SeleniumLibrary">
<arg>${elemento}</arg>
<doc>Waits until the element ``locator`` is visible.</doc>
<status status="PASS" starttime="20220325 12:23:51.270" endtime="20220325 12:23:51.290"/>
</kw>
<kw name="Click Element" library="SeleniumLibrary">
<arg>${elemento}</arg>
<doc>Click the element identified by ``locator``.</doc>
<msg timestamp="20220325 12:23:51.290" level="INFO">Clicking element 'SubmitLogin'.</msg>
<status status="PASS" starttime="20220325 12:23:51.290" endtime="20220325 12:23:53.268"/>
</kw>
<status status="PASS" starttime="20220325 12:23:51.269" endtime="20220325 12:23:53.268"/>
</kw>
<kw name="Entao deve visualizar a mensagem" library="common_kws">
<arg>${LOGIN.texto_erro}</arg>
<arg>${mensagens.login.authentication_failed}</arg>
<kw name="Wait Until Element Is Visible" library="SeleniumLibrary">
<arg>${elemento}</arg>
<doc>Waits until the element ``locator`` is visible.</doc>
<status status="PASS" starttime="20220325 12:23:53.269" endtime="20220325 12:23:53.288"/>
</kw>
<kw name="Get Text" library="SeleniumLibrary">
<var>${mensagem_atual}</var>
<arg>${elemento}</arg>
<doc>Returns the text value of the element identified by ``locator``.</doc>
<msg timestamp="20220325 12:23:53.306" level="INFO">${mensagem_atual} = Authentication failed.</msg>
<status status="PASS" starttime="20220325 12:23:53.288" endtime="20220325 12:23:53.306"/>
</kw>
<kw name="Should Be Equal" library="BuiltIn">
<arg>${mensagem_atual}</arg>
<arg>${mensagem_esperada}</arg>
<doc>Fails if the given objects are unequal.</doc>
<status status="PASS" starttime="20220325 12:23:53.306" endtime="20220325 12:23:53.306"/>
</kw>
<status status="PASS" starttime="20220325 12:23:53.268" endtime="20220325 12:23:53.306"/>
</kw>
<kw name="Encerrar sessão" library="setup" type="TEARDOWN">
<kw name="Capture Page Screenshot" library="SeleniumLibrary">
<doc>Takes a screenshot of the current page and embeds it into a log file.</doc>
<msg timestamp="20220325 12:23:53.488" level="INFO" html="true">&lt;/td&gt;&lt;/tr&gt;&lt;tr&gt;&lt;td colspan="3"&gt;&lt;a href="selenium-screenshot-13.png"&gt;&lt;img src="selenium-screenshot-13.png" width="800px"&gt;&lt;/a&gt;</msg>
<status status="PASS" starttime="20220325 12:23:53.307" endtime="20220325 12:23:53.488"/>
</kw>
<kw name="Close Browser" library="SeleniumLibrary">
<doc>Closes the current browser.</doc>
<status status="PASS" starttime="20220325 12:23:53.488" endtime="20220325 12:23:55.594"/>
</kw>
<status status="PASS" starttime="20220325 12:23:53.307" endtime="20220325 12:23:55.595"/>
</kw>
<tag>login</tag>
<tag>negativo</tag>
<status status="PASS" starttime="20220325 12:23:42.546" endtime="20220325 12:23:55.595"/>
</test>
<doc>Inserir aqui as regras de negocio relacionadas ao teste.</doc>
<status status="PASS" starttime="20220325 12:23:42.362" endtime="20220325 12:23:55.599"/>
</suite>
<status status="PASS" starttime="20220325 12:23:42.341" endtime="20220325 12:23:55.604"/>
</suite>
<statistics>
<total>
<stat pass="1" fail="0" skip="0">All Tests</stat>
</total>
<tag>
<stat pass="1" fail="0" skip="0">login</stat>
<stat pass="1" fail="0" skip="0">negativo</stat>
</tag>
<suite>
<stat pass="1" fail="0" skip="0" id="s1" name="Features">Features</stat>
<stat pass="1" fail="0" skip="0" id="s1-s1" name="Login">Features.Login</stat>
</suite>
</statistics>
<errors>
</errors>
</robot>
