<?xml version="1.0" encoding="UTF-8"?>
<robot generator="Robot 4.1.3 (Python 3.10.3 on win32)" generated="20220325 10:52:22.656" rpa="false" schemaversion="2">
<suite id="s1" name="Login" source="C:\Users\elucia\Documents\WebAutomationRF\test\features\login.robot">
<test id="s1-t1" name="Cenário: Login com sucesso">
<kw name="Abrir sessão" library="setup" type="SETUP">
<kw name="Open Browser" library="SeleniumLibrary">
<arg>http://automationpractice.com/index.php</arg>
<arg>chrome</arg>
<doc>Opens a new browser instance to the optional ``url``.</doc>
<msg timestamp="20220325 10:52:22.853" level="INFO">Opening browser 'chrome' to base url 'http://automationpractice.com/index.php'.</msg>
<status status="PASS" starttime="20220325 10:52:22.853" endtime="20220325 10:52:33.772"/>
</kw>
<kw name="Set Selenium Timeout" library="SeleniumLibrary">
<arg>60</arg>
<doc>Sets the timeout that is used by various keywords.</doc>
<status status="PASS" starttime="20220325 10:52:33.773" endtime="20220325 10:52:33.774"/>
</kw>
<kw name="Maximize Browser Window" library="SeleniumLibrary">
<doc>Maximizes current browser window.</doc>
<status status="PASS" starttime="20220325 10:52:33.774" endtime="20220325 10:52:33.901"/>
</kw>
<status status="PASS" starttime="20220325 10:52:22.853" endtime="20220325 10:52:33.901"/>
</kw>
<kw name="Dado que o cliente esteja na tela inicial da aplicação" library="home_kws">
<kw name="Wait Until Element Is Visible" library="SeleniumLibrary">
<arg>${HOME.botao_login}</arg>
<doc>Waits until the element ``locator`` is visible.</doc>
<status status="PASS" starttime="20220325 10:52:33.902" endtime="20220325 10:52:33.924"/>
</kw>
<status status="PASS" starttime="20220325 10:52:33.902" endtime="20220325 10:52:33.925"/>
</kw>
<kw name="E clicar no elemento" library="common_kws">
<arg>${HOME.botao_login}</arg>
<kw name="Wait Until Element Is Visible" library="SeleniumLibrary">
<arg>${elemento}</arg>
<doc>Waits until the element ``locator`` is visible.</doc>
<status status="PASS" starttime="20220325 10:52:33.926" endtime="20220325 10:52:33.945"/>
</kw>
<kw name="Click Element" library="SeleniumLibrary">
<arg>${elemento}</arg>
<doc>Click the element identified by ``locator``.</doc>
<msg timestamp="20220325 10:52:33.946" level="INFO">Clicking element '//a[@class='login']'.</msg>
<status status="PASS" starttime="20220325 10:52:33.945" endtime="20220325 10:52:39.958"/>
</kw>
<status status="PASS" starttime="20220325 10:52:33.925" endtime="20220325 10:52:39.958"/>
</kw>
<kw name="Quando inserir os dados de login" library="login_kws">
<arg>erica@gmail.com</arg>
<arg>123456</arg>
<kw name="Wait Until Element Is Visible" library="SeleniumLibrary">
<arg>${LOGIN.input_email}</arg>
<doc>Waits until the element ``locator`` is visible.</doc>
<status status="PASS" starttime="20220325 10:52:39.959" endtime="20220325 10:52:39.977"/>
</kw>
<kw name="Input Text" library="SeleniumLibrary">
<arg>${LOGIN.input_email}</arg>
<arg>${email}</arg>
<doc>Types the given ``text`` into the text field identified by ``locator``.</doc>
<msg timestamp="20220325 10:52:39.978" level="INFO">Typing text 'erica@gmail.com' into text field 'email'.</msg>
<status status="PASS" starttime="20220325 10:52:39.977" endtime="20220325 10:52:40.060"/>
</kw>
<kw name="Input Text" library="SeleniumLibrary">
<arg>${LOGIN.input_senha}</arg>
<arg>${senha}</arg>
<doc>Types the given ``text`` into the text field identified by ``locator``.</doc>
<msg timestamp="20220325 10:52:40.061" level="INFO">Typing text '123456' into text field 'passwd'.</msg>
<status status="PASS" starttime="20220325 10:52:40.060" endtime="20220325 10:52:40.138"/>
</kw>
<status status="PASS" starttime="20220325 10:52:39.958" endtime="20220325 10:52:40.138"/>
</kw>
<kw name="E clicar no elemento" library="common_kws">
<arg>${LOGIN.botao_login}</arg>
<kw name="Wait Until Element Is Visible" library="SeleniumLibrary">
<arg>${elemento}</arg>
<doc>Waits until the element ``locator`` is visible.</doc>
<status status="PASS" starttime="20220325 10:52:40.139" endtime="20220325 10:52:40.156"/>
</kw>
<kw name="Click Element" library="SeleniumLibrary">
<arg>${elemento}</arg>
<doc>Click the element identified by ``locator``.</doc>
<msg timestamp="20220325 10:52:40.157" level="INFO">Clicking element 'SubmitLogin'.</msg>
<status status="PASS" starttime="20220325 10:52:40.156" endtime="20220325 10:52:48.493"/>
</kw>
<status status="PASS" starttime="20220325 10:52:40.138" endtime="20220325 10:52:48.493"/>
</kw>
<kw name="Entao deve visualizar a tela My Account" library="conta_kws">
<kw name="Wait Until Element Is Visible" library="SeleniumLibrary">
<arg>${CONTA.titulo}</arg>
<doc>Waits until the element ``locator`` is visible.</doc>
<status status="PASS" starttime="20220325 10:52:48.494" endtime="20220325 10:52:48.513"/>
</kw>
<kw name="Get Text" library="SeleniumLibrary">
<var>${titulo_atual}</var>
<arg>${CONTA.titulo}</arg>
<doc>Returns the text value of the element identified by ``locator``.</doc>
<msg timestamp="20220325 10:52:48.531" level="INFO">${titulo_atual} = MY ACCOUNT</msg>
<status status="PASS" starttime="20220325 10:52:48.514" endtime="20220325 10:52:48.531"/>
</kw>
<kw name="Should Be Equal" library="BuiltIn">
<arg>${titulo_atual}</arg>
<arg>My account</arg>
<arg>ignore_case=True</arg>
<doc>Fails if the given objects are unequal.</doc>
<status status="PASS" starttime="20220325 10:52:48.531" endtime="20220325 10:52:48.532"/>
</kw>
<status status="PASS" starttime="20220325 10:52:48.493" endtime="20220325 10:52:48.532"/>
</kw>
<kw name="Encerrar sessão" library="setup" type="TEARDOWN">
<kw name="Capture Page Screenshot" library="SeleniumLibrary">
<doc>Takes a screenshot of the current page and embeds it into a log file.</doc>
<msg timestamp="20220325 10:52:48.713" level="INFO" html="true">&lt;/td&gt;&lt;/tr&gt;&lt;tr&gt;&lt;td colspan="3"&gt;&lt;a href="selenium-screenshot-2.png"&gt;&lt;img src="selenium-screenshot-2.png" width="800px"&gt;&lt;/a&gt;</msg>
<status status="PASS" starttime="20220325 10:52:48.533" endtime="20220325 10:52:48.713"/>
</kw>
<kw name="Close Browser" library="SeleniumLibrary">
<doc>Closes the current browser.</doc>
<status status="PASS" starttime="20220325 10:52:48.713" endtime="20220325 10:52:50.832"/>
</kw>
<status status="PASS" starttime="20220325 10:52:48.532" endtime="20220325 10:52:50.833"/>
</kw>
<status status="PASS" starttime="20220325 10:52:22.852" endtime="20220325 10:52:50.834"/>
</test>
<test id="s1-t2" name="Cenário: Login com credenciais inválidas">
<kw name="Abrir sessão" library="setup" type="SETUP">
<kw name="Open Browser" library="SeleniumLibrary">
<arg>http://automationpractice.com/index.php</arg>
<arg>chrome</arg>
<doc>Opens a new browser instance to the optional ``url``.</doc>
<msg timestamp="20220325 10:52:50.845" level="INFO">Opening browser 'chrome' to base url 'http://automationpractice.com/index.php'.</msg>
<status status="PASS" starttime="20220325 10:52:50.843" endtime="20220325 10:52:58.516"/>
</kw>
<kw name="Set Selenium Timeout" library="SeleniumLibrary">
<arg>60</arg>
<doc>Sets the timeout that is used by various keywords.</doc>
<status status="PASS" starttime="20220325 10:52:58.516" endtime="20220325 10:52:58.518"/>
</kw>
<kw name="Maximize Browser Window" library="SeleniumLibrary">
<doc>Maximizes current browser window.</doc>
<status status="PASS" starttime="20220325 10:52:58.518" endtime="20220325 10:52:58.644"/>
</kw>
<status status="PASS" starttime="20220325 10:52:50.841" endtime="20220325 10:52:58.644"/>
</kw>
<kw name="Dado que o cliente esteja na tela inicial da aplicação" library="home_kws">
<kw name="Wait Until Element Is Visible" library="SeleniumLibrary">
<arg>${HOME.botao_login}</arg>
<doc>Waits until the element ``locator`` is visible.</doc>
<status status="PASS" starttime="20220325 10:52:58.645" endtime="20220325 10:52:58.668"/>
</kw>
<status status="PASS" starttime="20220325 10:52:58.644" endtime="20220325 10:52:58.669"/>
</kw>
<kw name="E acessar a tela de login" library="home_kws">
<kw name="Wait Until Element Is Visible" library="SeleniumLibrary">
<arg>${HOME.botao_login}</arg>
<doc>Waits until the element ``locator`` is visible.</doc>
<status status="PASS" starttime="20220325 10:52:58.670" endtime="20220325 10:52:58.689"/>
</kw>
<kw name="Click Element" library="SeleniumLibrary">
<arg>${HOME.botao_login}</arg>
<doc>Click the element identified by ``locator``.</doc>
<msg timestamp="20220325 10:52:58.689" level="INFO">Clicking element '//a[@class='login']'.</msg>
<status status="PASS" starttime="20220325 10:52:58.689" endtime="20220325 10:53:02.541"/>
</kw>
<status status="PASS" starttime="20220325 10:52:58.669" endtime="20220325 10:53:02.541"/>
</kw>
<kw name="Quando inserir os dados de login" library="login_kws">
<arg>nãoexiste@gmail.com</arg>
<arg>123456</arg>
<kw name="Wait Until Element Is Visible" library="SeleniumLibrary">
<arg>${LOGIN.input_email}</arg>
<doc>Waits until the element ``locator`` is visible.</doc>
<status status="PASS" starttime="20220325 10:53:02.543" endtime="20220325 10:53:02.562"/>
</kw>
<kw name="Input Text" library="SeleniumLibrary">
<arg>${LOGIN.input_email}</arg>
<arg>${email}</arg>
<doc>Types the given ``text`` into the text field identified by ``locator``.</doc>
<msg timestamp="20220325 10:53:02.563" level="INFO">Typing text 'nãoexiste@gmail.com' into text field 'email'.</msg>
<status status="PASS" starttime="20220325 10:53:02.562" endtime="20220325 10:53:02.638"/>
</kw>
<kw name="Input Text" library="SeleniumLibrary">
<arg>${LOGIN.input_senha}</arg>
<arg>${senha}</arg>
<doc>Types the given ``text`` into the text field identified by ``locator``.</doc>
<msg timestamp="20220325 10:53:02.639" level="INFO">Typing text '123456' into text field 'passwd'.</msg>
<status status="PASS" starttime="20220325 10:53:02.638" endtime="20220325 10:53:02.714"/>
</kw>
<status status="PASS" starttime="20220325 10:53:02.542" endtime="20220325 10:53:02.714"/>
</kw>
<kw name="E clicar no elemento" library="common_kws">
<arg>${LOGIN.botao_login}</arg>
<kw name="Wait Until Element Is Visible" library="SeleniumLibrary">
<arg>${elemento}</arg>
<doc>Waits until the element ``locator`` is visible.</doc>
<status status="PASS" starttime="20220325 10:53:02.715" endtime="20220325 10:53:02.733"/>
</kw>
<kw name="Click Element" library="SeleniumLibrary">
<arg>${elemento}</arg>
<doc>Click the element identified by ``locator``.</doc>
<msg timestamp="20220325 10:53:02.734" level="INFO">Clicking element 'SubmitLogin'.</msg>
<status status="PASS" starttime="20220325 10:53:02.734" endtime="20220325 10:53:04.697"/>
</kw>
<status status="PASS" starttime="20220325 10:53:02.715" endtime="20220325 10:53:04.697"/>
</kw>
<kw name="Entao deve visualizar a mensagem" library="common_kws">
<arg>${LOGIN.texto_erro}</arg>
<arg>Authentication failed.</arg>
<kw name="Wait Until Element Is Visible" library="SeleniumLibrary">
<arg>${elemento}</arg>
<doc>Waits until the element ``locator`` is visible.</doc>
<status status="PASS" starttime="20220325 10:53:04.699" endtime="20220325 10:53:04.720"/>
</kw>
<kw name="Get Text" library="SeleniumLibrary">
<var>${mensagem_atual}</var>
<arg>${elemento}</arg>
<doc>Returns the text value of the element identified by ``locator``.</doc>
<msg timestamp="20220325 10:53:04.738" level="INFO">${mensagem_atual} = Authentication failed.</msg>
<status status="PASS" starttime="20220325 10:53:04.720" endtime="20220325 10:53:04.738"/>
</kw>
<kw name="Should Be Equal" library="BuiltIn">
<arg>${mensagem_atual}</arg>
<arg>${mensagem_esperada}</arg>
<doc>Fails if the given objects are unequal.</doc>
<status status="PASS" starttime="20220325 10:53:04.738" endtime="20220325 10:53:04.738"/>
</kw>
<status status="PASS" starttime="20220325 10:53:04.698" endtime="20220325 10:53:04.738"/>
</kw>
<kw name="Encerrar sessão" library="setup" type="TEARDOWN">
<kw name="Capture Page Screenshot" library="SeleniumLibrary">
<doc>Takes a screenshot of the current page and embeds it into a log file.</doc>
<msg timestamp="20220325 10:53:04.853" level="INFO" html="true">&lt;/td&gt;&lt;/tr&gt;&lt;tr&gt;&lt;td colspan="3"&gt;&lt;a href="selenium-screenshot-3.png"&gt;&lt;img src="selenium-screenshot-3.png" width="800px"&gt;&lt;/a&gt;</msg>
<status status="PASS" starttime="20220325 10:53:04.739" endtime="20220325 10:53:04.853"/>
</kw>
<kw name="Close Browser" library="SeleniumLibrary">
<doc>Closes the current browser.</doc>
<status status="PASS" starttime="20220325 10:53:04.854" endtime="20220325 10:53:06.969"/>
</kw>
<status status="PASS" starttime="20220325 10:53:04.739" endtime="20220325 10:53:06.969"/>
</kw>
<status status="PASS" starttime="20220325 10:52:50.839" endtime="20220325 10:53:06.971"/>
</test>
<doc>Inserir aqui as regras de negocio relacionadas ao teste.</doc>
<status status="PASS" starttime="20220325 10:52:22.657" endtime="20220325 10:53:06.977"/>
</suite>
<statistics>
<total>
<stat pass="2" fail="0" skip="0">All Tests</stat>
</total>
<tag>
</tag>
<suite>
<stat pass="2" fail="0" skip="0" id="s1" name="Login">Login</stat>
</suite>
</statistics>
<errors>
</errors>
</robot>
