<?xml version="1.0" encoding="UTF-8"?>
<robot generator="Robot 4.1.3 (Python 3.10.3 on win32)" generated="20220325 14:15:42.317" rpa="false" schemaversion="2">
<suite id="s1" name="Features" source="C:\Users\elucia\Documents\WebAutomationRF\test\features">
<suite id="s1-s1" name="Cadastro" source="C:\Users\elucia\Documents\WebAutomationRF\test\features\cadastro.robot">
<test id="s1-s1-t1" name="Cenário: Validar cadastro com sucesso">
<kw name="Abrir sessão" library="setup" type="SETUP">
<kw name="Open Browser" library="SeleniumLibrary">
<arg>${config.url}</arg>
<arg>${config.navegador}</arg>
<doc>Opens a new browser instance to the optional ``url``.</doc>
<msg timestamp="20220325 14:15:43.115" level="INFO">Opening browser 'chrome' to base url 'http://automationpractice.com/index.php'.</msg>
<status status="PASS" starttime="20220325 14:15:43.114" endtime="20220325 14:15:51.625"/>
</kw>
<kw name="Set Selenium Timeout" library="SeleniumLibrary">
<arg>${config.timeout}</arg>
<doc>Sets the timeout that is used by various keywords.</doc>
<status status="PASS" starttime="20220325 14:15:51.626" endtime="20220325 14:15:51.628"/>
</kw>
<kw name="Maximize Browser Window" library="SeleniumLibrary">
<doc>Maximizes current browser window.</doc>
<status status="PASS" starttime="20220325 14:15:51.628" endtime="20220325 14:15:51.745"/>
</kw>
<status status="PASS" starttime="20220325 14:15:43.114" endtime="20220325 14:15:51.745"/>
</kw>
<kw name="Dado que o cliente esteja na tela inicial da aplicação" library="home_kws">
<kw name="Wait Until Element Is Visible" library="SeleniumLibrary">
<arg>${home.botao_login}</arg>
<doc>Waits until the element ``locator`` is visible.</doc>
<status status="PASS" starttime="20220325 14:15:51.746" endtime="20220325 14:15:51.776"/>
</kw>
<status status="PASS" starttime="20220325 14:15:51.746" endtime="20220325 14:15:51.776"/>
</kw>
<kw name="E acessar a tela de login" library="home_kws">
<kw name="Wait Until Element Is Visible" library="SeleniumLibrary">
<arg>${HOME.botao_login}</arg>
<doc>Waits until the element ``locator`` is visible.</doc>
<status status="PASS" starttime="20220325 14:15:51.777" endtime="20220325 14:15:51.797"/>
</kw>
<kw name="Click Element" library="SeleniumLibrary">
<arg>${home.botao_login}</arg>
<doc>Click the element identified by ``locator``.</doc>
<msg timestamp="20220325 14:15:51.798" level="INFO">Clicking element '//a[@class='login']'.</msg>
<status status="PASS" starttime="20220325 14:15:51.797" endtime="20220325 14:15:56.850"/>
</kw>
<status status="PASS" starttime="20220325 14:15:51.777" endtime="20220325 14:15:56.850"/>
</kw>
<kw name="E acessar a tela de cadastro" library="cadastro_kws">
<kw name="Wait Until Element Is Visible" library="SeleniumLibrary">
<arg>${login.input_email_cadastro}</arg>
<doc>Waits until the element ``locator`` is visible.</doc>
<status status="PASS" starttime="20220325 14:15:56.851" endtime="20220325 14:15:56.873"/>
</kw>
<kw name="Email" library="FakerLibrary">
<var>${novo_email}</var>
<msg timestamp="20220325 14:15:56.873" level="INFO">${novo_email} = galves@example.net</msg>
<status status="PASS" starttime="20220325 14:15:56.873" endtime="20220325 14:15:56.873"/>
</kw>
<kw name="Input Text" library="SeleniumLibrary">
<arg>${login.input_email_cadastro}</arg>
<arg>${novo_email}</arg>
<doc>Types the given ``text`` into the text field identified by ``locator``.</doc>
<msg timestamp="20220325 14:15:56.874" level="INFO">Typing text 'galves@example.net' into text field '//input[@id='email_create']'.</msg>
<status status="PASS" starttime="20220325 14:15:56.873" endtime="20220325 14:15:56.970"/>
</kw>
<kw name="Click Element" library="SeleniumLibrary">
<arg>${login.botao_create}</arg>
<doc>Click the element identified by ``locator``.</doc>
<msg timestamp="20220325 14:15:56.970" level="INFO">Clicking element 'SubmitCreate'.</msg>
<status status="PASS" starttime="20220325 14:15:56.970" endtime="20220325 14:15:57.019"/>
</kw>
<status status="PASS" starttime="20220325 14:15:56.850" endtime="20220325 14:15:57.019"/>
</kw>
<kw name="Encerrar sessão" library="setup" type="TEARDOWN">
<kw name="Capture Page Screenshot" library="SeleniumLibrary">
<doc>Takes a screenshot of the current page and embeds it into a log file.</doc>
<msg timestamp="20220325 14:15:57.204" level="INFO" html="true">&lt;/td&gt;&lt;/tr&gt;&lt;tr&gt;&lt;td colspan="3"&gt;&lt;a href="selenium-screenshot-1.png"&gt;&lt;img src="selenium-screenshot-1.png" width="800px"&gt;&lt;/a&gt;</msg>
<status status="PASS" starttime="20220325 14:15:57.020" endtime="20220325 14:15:57.204"/>
</kw>
<kw name="Close Browser" library="SeleniumLibrary">
<doc>Closes the current browser.</doc>
<status status="PASS" starttime="20220325 14:15:57.204" endtime="20220325 14:15:59.305"/>
</kw>
<status status="PASS" starttime="20220325 14:15:57.019" endtime="20220325 14:15:59.305"/>
</kw>
<tag>cadastro</tag>
<status status="PASS" starttime="20220325 14:15:43.113" endtime="20220325 14:15:59.307"/>
</test>
<status status="PASS" starttime="20220325 14:15:42.341" endtime="20220325 14:15:59.313"/>
</suite>
<status status="PASS" starttime="20220325 14:15:42.318" endtime="20220325 14:15:59.324"/>
</suite>
<statistics>
<total>
<stat pass="1" fail="0" skip="0">All Tests</stat>
</total>
<tag>
<stat pass="1" fail="0" skip="0">cadastro</stat>
</tag>
<suite>
<stat pass="1" fail="0" skip="0" id="s1" name="Features">Features</stat>
<stat pass="1" fail="0" skip="0" id="s1-s1" name="Cadastro">Features.Cadastro</stat>
</suite>
</statistics>
<errors>
</errors>
</robot>
