<?xml version="1.0" encoding="UTF-8"?>
<robot generator="Robot 4.1.3 (Python 3.10.3 on win32)" generated="20220323 12:01:16.253" rpa="false" schemaversion="2">
<suite id="s1" name="Login" source="C:\Users\elucia\Documents\WebAutomationRF\test\features\login.robot">
<test id="s1-t1" name="Cenário: Login com sucesso">
<kw name="Dado que o cliente esteja na tela inicial da aplicação" library="home_kws">
<kw name="Abrir sessão" library="setup">
<kw name="Open Browser" library="SeleniumLibrary">
<arg>http://automationpractice.com/index.php</arg>
<arg>chrome</arg>
<doc>Opens a new browser instance to the optional ``url``.</doc>
<msg timestamp="20220323 12:01:16.452" level="INFO">Opening browser 'chrome' to base url 'http://automationpractice.com/index.php'.</msg>
<status status="PASS" starttime="20220323 12:01:16.452" endtime="20220323 12:01:23.115"/>
</kw>
<kw name="Set Selenium Timeout" library="SeleniumLibrary">
<arg>60</arg>
<doc>Sets the timeout that is used by various keywords.</doc>
<status status="PASS" starttime="20220323 12:01:23.115" endtime="20220323 12:01:23.117"/>
</kw>
<kw name="Maximize Browser Window" library="SeleniumLibrary">
<doc>Maximizes current browser window.</doc>
<status status="PASS" starttime="20220323 12:01:23.117" endtime="20220323 12:01:23.236"/>
</kw>
<status status="PASS" starttime="20220323 12:01:16.451" endtime="20220323 12:01:23.236"/>
</kw>
<kw name="Wait Until Element Is Visible" library="SeleniumLibrary">
<arg>${HOME.botao_login}</arg>
<doc>Waits until the element ``locator`` is visible.</doc>
<status status="PASS" starttime="20220323 12:01:23.236" endtime="20220323 12:01:23.261"/>
</kw>
<status status="PASS" starttime="20220323 12:01:16.451" endtime="20220323 12:01:23.261"/>
</kw>
<kw name="E acessar a tela de login" library="home_kws">
<kw name="Wait Until Element Is Visible" library="SeleniumLibrary">
<arg>${HOME.botao_login}</arg>
<doc>Waits until the element ``locator`` is visible.</doc>
<status status="PASS" starttime="20220323 12:01:23.262" endtime="20220323 12:01:23.282"/>
</kw>
<kw name="Click Element" library="SeleniumLibrary">
<arg>${HOME.botao_login}</arg>
<doc>Click the element identified by ``locator``.</doc>
<msg timestamp="20220323 12:01:23.283" level="INFO">Clicking element '//a[@class='login']'.</msg>
<status status="PASS" starttime="20220323 12:01:23.282" endtime="20220323 12:01:26.298"/>
</kw>
<status status="PASS" starttime="20220323 12:01:23.262" endtime="20220323 12:01:26.299"/>
</kw>
<kw name="Quando realizar login com sucesso" library="login_kws">
<kw name="Wait Until Element Is Visible" library="SeleniumLibrary">
<arg>${LOGIN.input_email}</arg>
<doc>Waits until the element ``locator`` is visible.</doc>
<status status="PASS" starttime="20220323 12:01:26.299" endtime="20220323 12:01:26.320"/>
</kw>
<kw name="Input Text" library="SeleniumLibrary">
<arg>${LOGIN.input_email}</arg>
<arg>erica@gmail.com</arg>
<doc>Types the given ``text`` into the text field identified by ``locator``.</doc>
<msg timestamp="20220323 12:01:26.321" level="INFO">Typing text 'erica@gmail.com' into text field 'email'.</msg>
<status status="PASS" starttime="20220323 12:01:26.320" endtime="20220323 12:01:26.399"/>
</kw>
<kw name="Input Text" library="SeleniumLibrary">
<arg>${LOGIN.input_senha}</arg>
<arg>123456</arg>
<doc>Types the given ``text`` into the text field identified by ``locator``.</doc>
<msg timestamp="20220323 12:01:26.400" level="INFO">Typing text '123456' into text field 'passwd'.</msg>
<status status="PASS" starttime="20220323 12:01:26.399" endtime="20220323 12:01:26.472"/>
</kw>
<kw name="Click Element" library="SeleniumLibrary">
<arg>${LOGIN.botao_login}</arg>
<doc>Click the element identified by ``locator``.</doc>
<msg timestamp="20220323 12:01:26.473" level="INFO">Clicking element 'SubmitLogin'.</msg>
<status status="PASS" starttime="20220323 12:01:26.473" endtime="20220323 12:01:34.971"/>
</kw>
<status status="PASS" starttime="20220323 12:01:26.299" endtime="20220323 12:01:34.972"/>
</kw>
<kw name="Entao deve visualizar a tela My Account" library="conta_kws">
<kw name="Wait Until Element Is Visible" library="SeleniumLibrary">
<arg>${CONTA.titulo}</arg>
<doc>Waits until the element ``locator`` is visible.</doc>
<status status="PASS" starttime="20220323 12:01:34.973" endtime="20220323 12:01:34.997"/>
</kw>
<kw name="Get Text" library="SeleniumLibrary">
<var>${titulo_atual}</var>
<arg>${CONTA.titulo}</arg>
<doc>Returns the text value of the element identified by ``locator``.</doc>
<msg timestamp="20220323 12:01:35.016" level="INFO">${titulo_atual} = MY ACCOUNT</msg>
<status status="PASS" starttime="20220323 12:01:34.998" endtime="20220323 12:01:35.016"/>
</kw>
<kw name="Should Be Equal" library="BuiltIn">
<arg>${titulo_atual}</arg>
<arg>My account</arg>
<arg>ignore_case=True</arg>
<doc>Fails if the given objects are unequal.</doc>
<status status="PASS" starttime="20220323 12:01:35.016" endtime="20220323 12:01:35.017"/>
</kw>
<status status="PASS" starttime="20220323 12:01:34.972" endtime="20220323 12:01:35.017"/>
</kw>
<kw name="Encerrar sessão" library="setup">
<kw name="Capture Page Screenshot" library="SeleniumLibrary">
<doc>Takes a screenshot of the current page and embeds it into a log file.</doc>
<msg timestamp="20220323 12:01:35.177" level="INFO" html="true">&lt;/td&gt;&lt;/tr&gt;&lt;tr&gt;&lt;td colspan="3"&gt;&lt;a href="selenium-screenshot-4.png"&gt;&lt;img src="selenium-screenshot-4.png" width="800px"&gt;&lt;/a&gt;</msg>
<status status="PASS" starttime="20220323 12:01:35.018" endtime="20220323 12:01:35.177"/>
</kw>
<kw name="Close Browser" library="SeleniumLibrary">
<doc>Closes the current browser.</doc>
<status status="PASS" starttime="20220323 12:01:35.177" endtime="20220323 12:01:37.267"/>
</kw>
<status status="PASS" starttime="20220323 12:01:35.017" endtime="20220323 12:01:37.267"/>
</kw>
<status status="PASS" starttime="20220323 12:01:16.450" endtime="20220323 12:01:37.270"/>
</test>
<doc>Inserir aqui as regras de negocio relacionadas ao teste.</doc>
<status status="PASS" starttime="20220323 12:01:16.254" endtime="20220323 12:01:37.275"/>
</suite>
<statistics>
<total>
<stat pass="1" fail="0" skip="0">All Tests</stat>
</total>
<tag>
</tag>
<suite>
<stat pass="1" fail="0" skip="0" id="s1" name="Login">Login</stat>
</suite>
</statistics>
<errors>
</errors>
</robot>
