<?xml version="1.0" encoding="UTF-8"?>
<robot generator="Robot 4.1.3 (Python 3.10.3 on win32)" generated="20220325 09:32:30.364" rpa="false" schemaversion="2">
<suite id="s1" name="Login" source="C:\Users\elucia\Documents\WebAutomationRF\test\features\login.robot">
<test id="s1-t1" name="Cenário: Login com sucesso">
<kw name="Abrir sessão" library="setup" type="SETUP">
<kw name="Open Browser" library="SeleniumLibrary">
<arg>http://automationpractice.com/index.php</arg>
<arg>chrome</arg>
<doc>Opens a new browser instance to the optional ``url``.</doc>
<msg timestamp="20220325 09:32:30.872" level="INFO">Opening browser 'chrome' to base url 'http://automationpractice.com/index.php'.</msg>
<status status="PASS" starttime="20220325 09:32:30.872" endtime="20220325 09:32:33.096"/>
</kw>
<kw name="Set Selenium Timeout" library="SeleniumLibrary">
<arg>60</arg>
<doc>Sets the timeout that is used by various keywords.</doc>
<status status="PASS" starttime="20220325 09:32:33.097" endtime="20220325 09:32:33.098"/>
</kw>
<kw name="Maximize Browser Window" library="SeleniumLibrary">
<doc>Maximizes current browser window.</doc>
<status status="PASS" starttime="20220325 09:32:33.098" endtime="20220325 09:32:33.222"/>
</kw>
<status status="PASS" starttime="20220325 09:32:30.872" endtime="20220325 09:32:33.222"/>
</kw>
<kw name="Dado que o cliente esteja na tela inicial da aplicação" library="home_kws">
<kw name="Wait Until Element Is Visible" library="SeleniumLibrary">
<arg>${HOME.botao_login}</arg>
<doc>Waits until the element ``locator`` is visible.</doc>
<msg timestamp="20220325 09:32:47.318" level="WARN">Keyword 'Capture Page Screenshot' could not be run on failure: Message: no such window: target window already closed
from unknown error: web view not found
  (Session info: chrome=99.0.4844.82)
Stacktrace:
Backtrace:
	Ordinal0 [0x00FE9943+2595139]
	Ordinal0 [0x00F7C9F1+2148849]
	Ordinal0 [0x00E74528+1066280]
	Ordinal0 [0x00E5C640+968256]
	Ordinal0 [0x00EBE259+1368665]
	Ordinal0 [0x00ECB292+1421970]
	Ordinal0 [0x00EBB806+1357830]
	Ordinal0 [0x00E96086+1204358]
	Ordinal0 [0x00E96F96+1208214]
	GetHandleVerifier [0x0118B232+1658114]
	GetHandleVerifier [0x0124312C+2411516]
	GetHandleVerifier [0x0107F261+560433]
	GetHandleVerifier [0x0107E366+556598]
	Ordinal0 [0x00F8286B+2173035]
	Ordinal0 [0x00F875F8+2192888]
	Ordinal0 [0x00F876E5+2193125]
	Ordinal0 [0x00F911FC+2232828]
	BaseThreadInitThunk [0x7638FA29+25]
	RtlGetAppContainerNamedObjectPath [0x775E7A7E+286]
	RtlGetAppContainerNamedObjectPath [0x775E7A4E+238]
</msg>
<msg timestamp="20220325 09:32:47.341" level="FAIL">NoSuchWindowException: Message: no such window: target window already closed
from unknown error: web view not found
  (Session info: chrome=99.0.4844.82)
Stacktrace:
Backtrace:
	Ordinal0 [0x00FE9943+2595139]
	Ordinal0 [0x00F7C9F1+2148849]
	Ordinal0 [0x00E74528+1066280]
	Ordinal0 [0x00E5C640+968256]
	Ordinal0 [0x00EBE259+1368665]
	Ordinal0 [0x00ECB292+1421970]
	Ordinal0 [0x00EBB806+1357830]
	Ordinal0 [0x00E96086+1204358]
	Ordinal0 [0x00E96F96+1208214]
	GetHandleVerifier [0x0118B232+1658114]
	GetHandleVerifier [0x0124312C+2411516]
	GetHandleVerifier [0x0107F261+560433]
	GetHandleVerifier [0x0107E366+556598]
	Ordinal0 [0x00F8286B+2173035]
	Ordinal0 [0x00F875F8+2192888]
	Ordinal0 [0x00F876E5+2193125]
	Ordinal0 [0x00F911FC+2232828]
	BaseThreadInitThunk [0x7638FA29+25]
	RtlGetAppContainerNamedObjectPath [0x775E7A7E+286]
	RtlGetAppContainerNamedObjectPath [0x775E7A4E+238]
</msg>
<status status="FAIL" starttime="20220325 09:32:33.223" endtime="20220325 09:32:47.341"/>
</kw>
<status status="FAIL" starttime="20220325 09:32:33.223" endtime="20220325 09:32:47.342"/>
</kw>
<kw name="E acessar a tela de login" library="home_kws">
<status status="NOT RUN" starttime="20220325 09:32:47.344" endtime="20220325 09:32:47.344"/>
</kw>
<kw name="Quando realizar login com sucesso" library="login_kws">
<status status="NOT RUN" starttime="20220325 09:32:47.345" endtime="20220325 09:32:47.345"/>
</kw>
<kw name="Entao deve visualizar a tela My Account" library="conta_kws">
<status status="NOT RUN" starttime="20220325 09:32:47.346" endtime="20220325 09:32:47.346"/>
</kw>
<kw name="Encerrar sessão" library="setup" type="TEARDOWN">
<kw name="Capture Page Screenshot" library="SeleniumLibrary">
<doc>Takes a screenshot of the current page and embeds it into a log file.</doc>
<msg timestamp="20220325 09:32:47.352" level="WARN">Keyword 'Capture Page Screenshot' could not be run on failure: Message: no such window: target window already closed
from unknown error: web view not found
  (Session info: chrome=99.0.4844.82)
Stacktrace:
Backtrace:
	Ordinal0 [0x00FE9943+2595139]
	Ordinal0 [0x00F7C9F1+2148849]
	Ordinal0 [0x00E74528+1066280]
	Ordinal0 [0x00E5C640+968256]
	Ordinal0 [0x00EBE259+1368665]
	Ordinal0 [0x00ECB292+1421970]
	Ordinal0 [0x00EBB806+1357830]
	Ordinal0 [0x00E96086+1204358]
	Ordinal0 [0x00E96F96+1208214]
	GetHandleVerifier [0x0118B232+1658114]
	GetHandleVerifier [0x0124312C+2411516]
	GetHandleVerifier [0x0107F261+560433]
	GetHandleVerifier [0x0107E366+556598]
	Ordinal0 [0x00F8286B+2173035]
	Ordinal0 [0x00F875F8+2192888]
	Ordinal0 [0x00F876E5+2193125]
	Ordinal0 [0x00F911FC+2232828]
	BaseThreadInitThunk [0x7638FA29+25]
	RtlGetAppContainerNamedObjectPath [0x775E7A7E+286]
	RtlGetAppContainerNamedObjectPath [0x775E7A4E+238]
</msg>
<msg timestamp="20220325 09:32:47.360" level="FAIL">NoSuchWindowException: Message: no such window: target window already closed
from unknown error: web view not found
  (Session info: chrome=99.0.4844.82)
Stacktrace:
Backtrace:
	Ordinal0 [0x00FE9943+2595139]
	Ordinal0 [0x00F7C9F1+2148849]
	Ordinal0 [0x00E74528+1066280]
	Ordinal0 [0x00E5C640+968256]
	Ordinal0 [0x00EBE259+1368665]
	Ordinal0 [0x00ECB292+1421970]
	Ordinal0 [0x00EBB806+1357830]
	Ordinal0 [0x00E96086+1204358]
	Ordinal0 [0x00E96F96+1208214]
	GetHandleVerifier [0x0118B232+1658114]
	GetHandleVerifier [0x0124312C+2411516]
	GetHandleVerifier [0x0107F261+560433]
	GetHandleVerifier [0x0107E366+556598]
	Ordinal0 [0x00F8286B+2173035]
	Ordinal0 [0x00F875F8+2192888]
	Ordinal0 [0x00F876E5+2193125]
	Ordinal0 [0x00F911FC+2232828]
	BaseThreadInitThunk [0x7638FA29+25]
	RtlGetAppContainerNamedObjectPath [0x775E7A7E+286]
	RtlGetAppContainerNamedObjectPath [0x775E7A4E+238]
</msg>
<status status="FAIL" starttime="20220325 09:32:47.347" endtime="20220325 09:32:47.360"/>
</kw>
<kw name="Close Browser" library="SeleniumLibrary">
<doc>Closes the current browser.</doc>
<status status="PASS" starttime="20220325 09:32:47.360" endtime="20220325 09:32:49.391"/>
</kw>
<status status="FAIL" starttime="20220325 09:32:47.347" endtime="20220325 09:32:49.392">NoSuchWindowException: Message: no such window: target window already closed
from unknown error: web view not found
  (Session info: chrome=99.0.4844.82)
Stacktrace:
Backtrace:
	Ordinal0 [0x00FE9943+2595139]
	Ordinal0 [0x00F7C9F1+2148849]
	Ordinal0 [0x00E74528+1066280]
	Ordinal0 [0x00E5C640+968256]
	Ordinal0 [0x00EBE259+1368665]
	Ordinal0 [0x00ECB292+1421970]
	Ordinal0 [0x00EBB806+1357830]
	Ordinal0 [0x00E96086+1204358]
	Ordinal0 [0x00E96F96+1208214]
	GetHandleVerifier [0x0118B232+1658114]
	GetHandleVerifier [0x0124312C+2411516]
	GetHandleVerifier [0x0107F261+560433]
	GetHandleVerifier [0x0107E366+556598]
	Ordinal0 [0x00F8286B+2173035]
	Ordinal0 [0x00F875F8+2192888]
	Ordinal0 [0x00F876E5+2193125]
	Ordinal0 [0x00F911FC+2232828]
	BaseThreadInitThunk [0x7638FA29+25]
	RtlGetAppContainerNamedObjectPath [0x775E7A7E+286]
	RtlGetAppContainerNamedObjectPath [0x775E7A4E+238]
</status>
</kw>
<status status="FAIL" starttime="20220325 09:32:30.871" endtime="20220325 09:32:49.394">NoSuchWindowException: Message: no such window: target window already closed
from unknown error: web view not found
  (Session info: chrome=99.0.4844.82)
Stacktrace:
Backtrace:
	Ordinal0 [0x00FE9943+2595139]
	Ordinal0 [0x00F7C9F1+2148849]
	Ordinal0 [0x00E74528+1066280]
	Ordinal0 [0x00E5C640+968256]
	Ordinal0 [0x00EBE259+1368665]
	Ordinal0 [0x00ECB292+1421970]
	Ordinal0 [0x00EBB806+1357830]
	Ordinal0 [0x00E96086+1204358]
	Ordinal0 [0x00E96F96+1208214]
	GetHandleVerifier [0x0118B232+1658114]
	GetHandleVerifier [0x0124312C+2411516]
	GetHandleVerifier [0x0107F261+560433]
	GetHandleVerifier [0x0107E366+556598]
	Ordinal0 [0x00F8286B+2173035]
	Ordinal0 [0x00F875F8+2192888]
	Ordinal0 [0x00F876E5+2193125]
	Ordinal0 [0x00F911FC+2232828]
	BaseThreadInitThunk [0x7638FA29+25]
	RtlGetAppContainerNamedObjectPath [0x775E7A7E+286]
	RtlGetAppContainerNamedObjectPath [0x775E7A4E+238]


Also teardown failed:
NoSuchWindowException: Message: no such window: target window already closed
from unknown error: web view not found
  (Session info: chrome=99.0.4844.82)
Stacktrace:
Backtrace:
	Ordinal0 [0x00FE9943+2595139]
	Ordinal0 [0x00F7C9F1+2148849]
	Ordinal0 [0x00E74528+1066280]
	Ordinal0 [0x00E5C640+968256]
	Ordinal0 [0x00EBE259+1368665]
	Ordinal0 [0x00ECB292+1421970]
	Ordinal0 [0x00EBB806+1357830]
	Ordinal0 [0x00E96086+1204358]
	Ordinal0 [0x00E96F96+1208214]
	GetHandleVerifier [0x0118B232+1658114]
	GetHandleVerifier [0x0124312C+2411516]
	GetHandleVerifier [0x0107F261+560433]
	GetHandleVerifier [0x0107E366+556598]
	Ordinal0 [0x00F8286B+2173035]
	Ordinal0 [0x00F875F8+2192888]
	Ordinal0 [0x00F876E5+2193125]
	Ordinal0 [0x00F911FC+2232828]
	BaseThreadInitThunk [0x7638FA29+25]
	RtlGetAppContainerNamedObjectPath [0x775E7A7E+286]
	RtlGetAppContainerNamedObjectPath [0x775E7A4E+238]
</status>
</test>
<doc>Inserir aqui as regras de negocio relacionadas ao teste.</doc>
<status status="FAIL" starttime="20220325 09:32:30.365" endtime="20220325 09:32:49.408"/>
</suite>
<statistics>
<total>
<stat pass="0" fail="1" skip="0">All Tests</stat>
</total>
<tag>
</tag>
<suite>
<stat pass="0" fail="1" skip="0" id="s1" name="Login">Login</stat>
</suite>
</statistics>
<errors>
<msg timestamp="20220325 09:32:47.318" level="WARN">Keyword 'Capture Page Screenshot' could not be run on failure: Message: no such window: target window already closed
from unknown error: web view not found
  (Session info: chrome=99.0.4844.82)
Stacktrace:
Backtrace:
	Ordinal0 [0x00FE9943+2595139]
	Ordinal0 [0x00F7C9F1+2148849]
	Ordinal0 [0x00E74528+1066280]
	Ordinal0 [0x00E5C640+968256]
	Ordinal0 [0x00EBE259+1368665]
	Ordinal0 [0x00ECB292+1421970]
	Ordinal0 [0x00EBB806+1357830]
	Ordinal0 [0x00E96086+1204358]
	Ordinal0 [0x00E96F96+1208214]
	GetHandleVerifier [0x0118B232+1658114]
	GetHandleVerifier [0x0124312C+2411516]
	GetHandleVerifier [0x0107F261+560433]
	GetHandleVerifier [0x0107E366+556598]
	Ordinal0 [0x00F8286B+2173035]
	Ordinal0 [0x00F875F8+2192888]
	Ordinal0 [0x00F876E5+2193125]
	Ordinal0 [0x00F911FC+2232828]
	BaseThreadInitThunk [0x7638FA29+25]
	RtlGetAppContainerNamedObjectPath [0x775E7A7E+286]
	RtlGetAppContainerNamedObjectPath [0x775E7A4E+238]
</msg>
<msg timestamp="20220325 09:32:47.352" level="WARN">Keyword 'Capture Page Screenshot' could not be run on failure: Message: no such window: target window already closed
from unknown error: web view not found
  (Session info: chrome=99.0.4844.82)
Stacktrace:
Backtrace:
	Ordinal0 [0x00FE9943+2595139]
	Ordinal0 [0x00F7C9F1+2148849]
	Ordinal0 [0x00E74528+1066280]
	Ordinal0 [0x00E5C640+968256]
	Ordinal0 [0x00EBE259+1368665]
	Ordinal0 [0x00ECB292+1421970]
	Ordinal0 [0x00EBB806+1357830]
	Ordinal0 [0x00E96086+1204358]
	Ordinal0 [0x00E96F96+1208214]
	GetHandleVerifier [0x0118B232+1658114]
	GetHandleVerifier [0x0124312C+2411516]
	GetHandleVerifier [0x0107F261+560433]
	GetHandleVerifier [0x0107E366+556598]
	Ordinal0 [0x00F8286B+2173035]
	Ordinal0 [0x00F875F8+2192888]
	Ordinal0 [0x00F876E5+2193125]
	Ordinal0 [0x00F911FC+2232828]
	BaseThreadInitThunk [0x7638FA29+25]
	RtlGetAppContainerNamedObjectPath [0x775E7A7E+286]
	RtlGetAppContainerNamedObjectPath [0x775E7A4E+238]
</msg>
</errors>
</robot>
