<?xml version="1.0" encoding="UTF-8"?>
<robot generator="Robot 4.1.3 (Python 3.10.3 on win32)" generated="20220325 11:56:54.224" rpa="false" schemaversion="2">
<suite id="s1" name="Login" source="C:\Users\elucia\Documents\WebAutomationRF\test\features\login.robot">
<test id="s1-t1" name="Cenário: Login com credenciais inválidas">
<kw name="Abrir sessão" library="setup" type="SETUP">
<kw name="Open Browser" library="SeleniumLibrary">
<arg>http://automationpractice.com/index.php</arg>
<arg>chrome</arg>
<doc>Opens a new browser instance to the optional ``url``.</doc>
<msg timestamp="20220325 11:56:54.422" level="INFO">Opening browser 'chrome' to base url 'http://automationpractice.com/index.php'.</msg>
<status status="PASS" starttime="20220325 11:56:54.421" endtime="20220325 11:56:59.931"/>
</kw>
<kw name="Set Selenium Timeout" library="SeleniumLibrary">
<arg>60</arg>
<doc>Sets the timeout that is used by various keywords.</doc>
<status status="PASS" starttime="20220325 11:56:59.931" endtime="20220325 11:56:59.932"/>
</kw>
<kw name="Maximize Browser Window" library="SeleniumLibrary">
<doc>Maximizes current browser window.</doc>
<status status="PASS" starttime="20220325 11:56:59.933" endtime="20220325 11:57:00.050"/>
</kw>
<status status="PASS" starttime="20220325 11:56:54.420" endtime="20220325 11:57:00.050"/>
</kw>
<kw name="Dado que o cliente esteja na tela inicial da aplicação" library="home_kws">
<kw name="Wait Until Element Is Visible" library="SeleniumLibrary">
<arg>${HOME.botao_login}</arg>
<doc>Waits until the element ``locator`` is visible.</doc>
<status status="PASS" starttime="20220325 11:57:00.052" endtime="20220325 11:57:00.078"/>
</kw>
<status status="PASS" starttime="20220325 11:57:00.052" endtime="20220325 11:57:00.078"/>
</kw>
<kw name="E acessar a tela de login" library="home_kws">
<kw name="Wait Until Element Is Visible" library="SeleniumLibrary">
<arg>${HOME.botao_login}</arg>
<doc>Waits until the element ``locator`` is visible.</doc>
<status status="PASS" starttime="20220325 11:57:00.079" endtime="20220325 11:57:00.102"/>
</kw>
<kw name="Click Element" library="SeleniumLibrary">
<arg>${HOME.botao_login}</arg>
<doc>Click the element identified by ``locator``.</doc>
<msg timestamp="20220325 11:57:00.103" level="INFO">Clicking element '//a[@class='login']'.</msg>
<status status="PASS" starttime="20220325 11:57:00.102" endtime="20220325 11:57:02.003"/>
</kw>
<status status="PASS" starttime="20220325 11:57:00.078" endtime="20220325 11:57:02.003"/>
</kw>
<kw name="Quando inserir os dados de login" library="login_kws">
<arg>${massa_dados.login.email_invalido}</arg>
<arg>${massa_dados.login.senha}</arg>
<kw name="Wait Until Element Is Visible" library="SeleniumLibrary">
<arg>${LOGIN.input_email}</arg>
<doc>Waits until the element ``locator`` is visible.</doc>
<status status="PASS" starttime="20220325 11:57:02.005" endtime="20220325 11:57:02.023"/>
</kw>
<kw name="Input Text" library="SeleniumLibrary">
<arg>${LOGIN.input_email}</arg>
<arg>${email}</arg>
<doc>Types the given ``text`` into the text field identified by ``locator``.</doc>
<msg timestamp="20220325 11:57:02.024" level="INFO">Typing text 'naoexiste@gmail.com' into text field 'email'.</msg>
<status status="PASS" starttime="20220325 11:57:02.024" endtime="20220325 11:57:02.106"/>
</kw>
<kw name="Input Text" library="SeleniumLibrary">
<arg>${LOGIN.input_senha}</arg>
<arg>${senha}</arg>
<doc>Types the given ``text`` into the text field identified by ``locator``.</doc>
<msg timestamp="20220325 11:57:02.107" level="INFO">Typing text '123456' into text field 'passwd'.</msg>
<status status="PASS" starttime="20220325 11:57:02.106" endtime="20220325 11:57:02.180"/>
</kw>
<status status="PASS" starttime="20220325 11:57:02.004" endtime="20220325 11:57:02.180"/>
</kw>
<kw name="E clicar no elemento" library="common_kws">
<arg>${LOGIN.botao_login}</arg>
<kw name="Wait Until Element Is Visible" library="SeleniumLibrary">
<arg>${elemento}</arg>
<doc>Waits until the element ``locator`` is visible.</doc>
<status status="PASS" starttime="20220325 11:57:02.181" endtime="20220325 11:57:02.198"/>
</kw>
<kw name="Click Element" library="SeleniumLibrary">
<arg>${elemento}</arg>
<doc>Click the element identified by ``locator``.</doc>
<msg timestamp="20220325 11:57:02.198" level="INFO">Clicking element 'SubmitLogin'.</msg>
<status status="PASS" starttime="20220325 11:57:02.198" endtime="20220325 11:57:03.044"/>
</kw>
<status status="PASS" starttime="20220325 11:57:02.180" endtime="20220325 11:57:03.044"/>
</kw>
<kw name="Entao deve visualizar a mensagem" library="common_kws">
<arg>${LOGIN.texto_erro}</arg>
<arg>Authentication failed.</arg>
<kw name="Wait Until Element Is Visible" library="SeleniumLibrary">
<arg>${elemento}</arg>
<doc>Waits until the element ``locator`` is visible.</doc>
<status status="PASS" starttime="20220325 11:57:03.046" endtime="20220325 11:57:03.067"/>
</kw>
<kw name="Get Text" library="SeleniumLibrary">
<var>${mensagem_atual}</var>
<arg>${elemento}</arg>
<doc>Returns the text value of the element identified by ``locator``.</doc>
<msg timestamp="20220325 11:57:03.084" level="INFO">${mensagem_atual} = Authentication failed.</msg>
<status status="PASS" starttime="20220325 11:57:03.068" endtime="20220325 11:57:03.084"/>
</kw>
<kw name="Should Be Equal" library="BuiltIn">
<arg>${mensagem_atual}</arg>
<arg>${mensagem_esperada}</arg>
<doc>Fails if the given objects are unequal.</doc>
<status status="PASS" starttime="20220325 11:57:03.084" endtime="20220325 11:57:03.084"/>
</kw>
<status status="PASS" starttime="20220325 11:57:03.045" endtime="20220325 11:57:03.084"/>
</kw>
<kw name="Encerrar sessão" library="setup" type="TEARDOWN">
<kw name="Capture Page Screenshot" library="SeleniumLibrary">
<doc>Takes a screenshot of the current page and embeds it into a log file.</doc>
<msg timestamp="20220325 11:57:03.194" level="INFO" html="true">&lt;/td&gt;&lt;/tr&gt;&lt;tr&gt;&lt;td colspan="3"&gt;&lt;a href="selenium-screenshot-11.png"&gt;&lt;img src="selenium-screenshot-11.png" width="800px"&gt;&lt;/a&gt;</msg>
<status status="PASS" starttime="20220325 11:57:03.085" endtime="20220325 11:57:03.194"/>
</kw>
<kw name="Close Browser" library="SeleniumLibrary">
<doc>Closes the current browser.</doc>
<status status="PASS" starttime="20220325 11:57:03.194" endtime="20220325 11:57:05.279"/>
</kw>
<status status="PASS" starttime="20220325 11:57:03.085" endtime="20220325 11:57:05.280"/>
</kw>
<tag>login</tag>
<tag>negativo</tag>
<status status="PASS" starttime="20220325 11:56:54.420" endtime="20220325 11:57:05.281"/>
</test>
<test id="s1-t2" name="Cenário: Login com sucesso">
<kw name="Abrir sessão" library="setup" type="SETUP">
<kw name="Open Browser" library="SeleniumLibrary">
<arg>http://automationpractice.com/index.php</arg>
<arg>chrome</arg>
<doc>Opens a new browser instance to the optional ``url``.</doc>
<msg timestamp="20220325 11:57:05.291" level="INFO">Opening browser 'chrome' to base url 'http://automationpractice.com/index.php'.</msg>
<status status="PASS" starttime="20220325 11:57:05.290" endtime="20220325 11:57:09.814"/>
</kw>
<kw name="Set Selenium Timeout" library="SeleniumLibrary">
<arg>60</arg>
<doc>Sets the timeout that is used by various keywords.</doc>
<status status="PASS" starttime="20220325 11:57:09.814" endtime="20220325 11:57:09.816"/>
</kw>
<kw name="Maximize Browser Window" library="SeleniumLibrary">
<doc>Maximizes current browser window.</doc>
<status status="PASS" starttime="20220325 11:57:09.816" endtime="20220325 11:57:09.941"/>
</kw>
<status status="PASS" starttime="20220325 11:57:05.288" endtime="20220325 11:57:09.941"/>
</kw>
<kw name="Dado que o cliente esteja na tela inicial da aplicação" library="home_kws">
<kw name="Wait Until Element Is Visible" library="SeleniumLibrary">
<arg>${HOME.botao_login}</arg>
<doc>Waits until the element ``locator`` is visible.</doc>
<status status="PASS" starttime="20220325 11:57:09.942" endtime="20220325 11:57:09.965"/>
</kw>
<status status="PASS" starttime="20220325 11:57:09.942" endtime="20220325 11:57:09.965"/>
</kw>
<kw name="E clicar no elemento" library="common_kws">
<arg>${HOME.botao_login}</arg>
<kw name="Wait Until Element Is Visible" library="SeleniumLibrary">
<arg>${elemento}</arg>
<doc>Waits until the element ``locator`` is visible.</doc>
<status status="PASS" starttime="20220325 11:57:09.967" endtime="20220325 11:57:09.986"/>
</kw>
<kw name="Click Element" library="SeleniumLibrary">
<arg>${elemento}</arg>
<doc>Click the element identified by ``locator``.</doc>
<msg timestamp="20220325 11:57:09.986" level="INFO">Clicking element '//a[@class='login']'.</msg>
<status status="PASS" starttime="20220325 11:57:09.986" endtime="20220325 11:57:14.471"/>
</kw>
<status status="PASS" starttime="20220325 11:57:09.966" endtime="20220325 11:57:14.471"/>
</kw>
<kw name="Quando inserir os dados de login" library="login_kws">
<arg>${massa_dados.login.email}</arg>
<arg>${massa_dados.login.senha}</arg>
<kw name="Wait Until Element Is Visible" library="SeleniumLibrary">
<arg>${LOGIN.input_email}</arg>
<doc>Waits until the element ``locator`` is visible.</doc>
<status status="PASS" starttime="20220325 11:57:14.472" endtime="20220325 11:57:14.491"/>
</kw>
<kw name="Input Text" library="SeleniumLibrary">
<arg>${LOGIN.input_email}</arg>
<arg>${email}</arg>
<doc>Types the given ``text`` into the text field identified by ``locator``.</doc>
<msg timestamp="20220325 11:57:14.492" level="INFO">Typing text 'erica@gmail.com' into text field 'email'.</msg>
<status status="PASS" starttime="20220325 11:57:14.492" endtime="20220325 11:57:14.565"/>
</kw>
<kw name="Input Text" library="SeleniumLibrary">
<arg>${LOGIN.input_senha}</arg>
<arg>${senha}</arg>
<doc>Types the given ``text`` into the text field identified by ``locator``.</doc>
<msg timestamp="20220325 11:57:14.566" level="INFO">Typing text '123456' into text field 'passwd'.</msg>
<status status="PASS" starttime="20220325 11:57:14.565" endtime="20220325 11:57:14.646"/>
</kw>
<status status="PASS" starttime="20220325 11:57:14.471" endtime="20220325 11:57:14.646"/>
</kw>
<kw name="E clicar no elemento" library="common_kws">
<arg>${LOGIN.botao_login}</arg>
<kw name="Wait Until Element Is Visible" library="SeleniumLibrary">
<arg>${elemento}</arg>
<doc>Waits until the element ``locator`` is visible.</doc>
<status status="PASS" starttime="20220325 11:57:14.648" endtime="20220325 11:57:14.668"/>
</kw>
<kw name="Click Element" library="SeleniumLibrary">
<arg>${elemento}</arg>
<doc>Click the element identified by ``locator``.</doc>
<msg timestamp="20220325 11:57:14.668" level="INFO">Clicking element 'SubmitLogin'.</msg>
<status status="PASS" starttime="20220325 11:57:14.668" endtime="20220325 11:57:16.045"/>
</kw>
<status status="PASS" starttime="20220325 11:57:14.647" endtime="20220325 11:57:16.045"/>
</kw>
<kw name="Entao deve visualizar a tela My Account" library="conta_kws">
<kw name="Wait Until Element Is Visible" library="SeleniumLibrary">
<arg>${CONTA.titulo}</arg>
<doc>Waits until the element ``locator`` is visible.</doc>
<status status="PASS" starttime="20220325 11:57:16.046" endtime="20220325 11:57:16.068"/>
</kw>
<kw name="Get Text" library="SeleniumLibrary">
<var>${titulo_atual}</var>
<arg>${CONTA.titulo}</arg>
<doc>Returns the text value of the element identified by ``locator``.</doc>
<msg timestamp="20220325 11:57:16.086" level="INFO">${titulo_atual} = MY ACCOUNT</msg>
<status status="PASS" starttime="20220325 11:57:16.068" endtime="20220325 11:57:16.086"/>
</kw>
<kw name="Should Be Equal" library="BuiltIn">
<arg>${titulo_atual}</arg>
<arg>My account</arg>
<arg>ignore_case=True</arg>
<doc>Fails if the given objects are unequal.</doc>
<status status="PASS" starttime="20220325 11:57:16.086" endtime="20220325 11:57:16.086"/>
</kw>
<status status="PASS" starttime="20220325 11:57:16.045" endtime="20220325 11:57:16.086"/>
</kw>
<kw name="Encerrar sessão" library="setup" type="TEARDOWN">
<kw name="Capture Page Screenshot" library="SeleniumLibrary">
<doc>Takes a screenshot of the current page and embeds it into a log file.</doc>
<msg timestamp="20220325 11:57:16.231" level="INFO" html="true">&lt;/td&gt;&lt;/tr&gt;&lt;tr&gt;&lt;td colspan="3"&gt;&lt;a href="selenium-screenshot-12.png"&gt;&lt;img src="selenium-screenshot-12.png" width="800px"&gt;&lt;/a&gt;</msg>
<status status="PASS" starttime="20220325 11:57:16.087" endtime="20220325 11:57:16.231"/>
</kw>
<kw name="Close Browser" library="SeleniumLibrary">
<doc>Closes the current browser.</doc>
<status status="PASS" starttime="20220325 11:57:16.231" endtime="20220325 11:57:18.345"/>
</kw>
<status status="PASS" starttime="20220325 11:57:16.087" endtime="20220325 11:57:18.346"/>
</kw>
<tag>login</tag>
<tag>positivo</tag>
<status status="PASS" starttime="20220325 11:57:05.286" endtime="20220325 11:57:18.347"/>
</test>
<doc>Inserir aqui as regras de negocio relacionadas ao teste.</doc>
<status status="PASS" starttime="20220325 11:56:54.226" endtime="20220325 11:57:18.353"/>
</suite>
<statistics>
<total>
<stat pass="2" fail="0" skip="0">All Tests</stat>
</total>
<tag>
<stat pass="2" fail="0" skip="0">login</stat>
<stat pass="1" fail="0" skip="0">negativo</stat>
<stat pass="1" fail="0" skip="0">positivo</stat>
</tag>
<suite>
<stat pass="2" fail="0" skip="0" id="s1" name="Login">Login</stat>
</suite>
</statistics>
<errors>
</errors>
</robot>
